0 info it worked if it ends with ok
1 verbose cli [ '/usr/local/bin/node', '/usr/local/bin/npm', 'run', 'version' ]
2 info using npm@3.10.8
3 info using node@v7.0.0
4 verbose run-script [ 'preversion', 'version', 'postversion' ]
5 info lifecycle wordpress-query-page-children@0.1.2~preversion: wordpress-query-page-children@0.1.2
6 silly lifecycle wordpress-query-page-children@0.1.2~preversion: no script for preversion, continuing
7 info lifecycle wordpress-query-page-children@0.1.2~version: wordpress-query-page-children@0.1.2
8 verbose lifecycle wordpress-query-page-children@0.1.2~version: unsafe-perm in lifecycle true
9 verbose lifecycle wordpress-query-page-children@0.1.2~version: PATH: /usr/local/lib/node_modules/npm/bin/node-gyp-bin:/Volumes/MacPro Data HD/Clients/pliqo/http/wordpress-query-page-children/node_modules/.bin:/usr/local/bin:/usr/bin:/bin:/usr/sbin:/sbin:/opt/X11/bin:/usr/local/git/bin:/usr/local/MacGPG2/bin
10 verbose lifecycle wordpress-query-page-children@0.1.2~version: CWD: /Volumes/MacPro Data HD/Clients/pliqo/http/wordpress-query-page-children
11 silly lifecycle wordpress-query-page-children@0.1.2~version: Args: [ '-c', 'npm run build && git add -A lib' ]
12 silly lifecycle wordpress-query-page-children@0.1.2~version: Returned: code: 0  signal: null
13 info lifecycle wordpress-query-page-children@0.1.2~postversion: wordpress-query-page-children@0.1.2
14 verbose lifecycle wordpress-query-page-children@0.1.2~postversion: unsafe-perm in lifecycle true
15 verbose lifecycle wordpress-query-page-children@0.1.2~postversion: PATH: /usr/local/lib/node_modules/npm/bin/node-gyp-bin:/Volumes/MacPro Data HD/Clients/pliqo/http/wordpress-query-page-children/node_modules/.bin:/usr/local/bin:/usr/bin:/bin:/usr/sbin:/sbin:/opt/X11/bin:/usr/local/git/bin:/usr/local/MacGPG2/bin
16 verbose lifecycle wordpress-query-page-children@0.1.2~postversion: CWD: /Volumes/MacPro Data HD/Clients/pliqo/http/wordpress-query-page-children
17 silly lifecycle wordpress-query-page-children@0.1.2~postversion: Args: [ '-c', 'git push && git push --tags' ]
18 silly lifecycle wordpress-query-page-children@0.1.2~postversion: Returned: code: 1  signal: null
19 info lifecycle wordpress-query-page-children@0.1.2~postversion: Failed to exec postversion script
20 verbose stack Error: wordpress-query-page-children@0.1.2 postversion: `git push && git push --tags`
20 verbose stack Exit status 1
20 verbose stack     at EventEmitter.<anonymous> (/usr/local/lib/node_modules/npm/lib/utils/lifecycle.js:255:16)
20 verbose stack     at emitTwo (events.js:106:13)
20 verbose stack     at EventEmitter.emit (events.js:191:7)
20 verbose stack     at ChildProcess.<anonymous> (/usr/local/lib/node_modules/npm/lib/utils/spawn.js:40:14)
20 verbose stack     at emitTwo (events.js:106:13)
20 verbose stack     at ChildProcess.emit (events.js:191:7)
20 verbose stack     at maybeClose (internal/child_process.js:877:16)
20 verbose stack     at Process.ChildProcess._handle.onexit (internal/child_process.js:226:5)
21 verbose pkgid wordpress-query-page-children@0.1.2
22 verbose cwd /Volumes/MacPro Data HD/Clients/pliqo/http/wordpress-query-page-children
23 error Darwin 15.6.0
24 error argv "/usr/local/bin/node" "/usr/local/bin/npm" "run" "version"
25 error node v7.0.0
26 error npm  v3.10.8
27 error code ELIFECYCLE
28 error wordpress-query-page-children@0.1.2 postversion: `git push && git push --tags`
28 error Exit status 1
29 error Failed at the wordpress-query-page-children@0.1.2 postversion script 'git push && git push --tags'.
29 error Make sure you have the latest version of node.js and npm installed.
29 error If you do, this is most likely a problem with the wordpress-query-page-children package,
29 error not with npm itself.
29 error Tell the author that this fails on your system:
29 error     git push && git push --tags
29 error You can get information on how to open an issue for this project with:
29 error     npm bugs wordpress-query-page-children
29 error Or if that isn't available, you can get their info via:
29 error     npm owner ls wordpress-query-page-children
29 error There is likely additional logging output above.
30 verbose exit [ 1, true ]
